[2020-06-10 15:39:57.526] [sharedprocess] [info] main {"machineId":"e1b7798566aba4b97769f92ae180473e756f4aa2183735c2bb242e114f84faf9","windowId":2}
[2020-06-10 15:39:57.758] [sharedprocess] [error] [File Watcher (node.js)] Error: ENOENT: no such file or directory, stat '/home/wellington/Documents/workshop-dev/~/.vscode-root/User/snippets'
[2020-06-10 15:40:37.626] [sharedprocess] [info] Starting to clean up unused language packs.
[2020-06-10 16:06:46.308] [sharedprocess] [info] Installing extension: alexcvzz.vscode-sqlite
[2020-06-10 16:06:47.362] [sharedprocess] [info] Downloaded extension: alexcvzz.vscode-sqlite /tmp/aaeb42f6-ae22-4eff-80fd-643584ab723e
[2020-06-10 16:06:49.515] [sharedprocess] [info] Extracted extension to /root/.vscode/extensions/.alexcvzz.vscode-sqlite-0.8.2: alexcvzz.vscode-sqlite
[2020-06-10 16:06:49.516] [sharedprocess] [info] Renamed to /root/.vscode/extensions/alexcvzz.vscode-sqlite-0.8.2
[2020-06-10 16:06:49.518] [sharedprocess] [info] Installation completed. alexcvzz.vscode-sqlite
[2020-06-10 16:06:49.570] [sharedprocess] [info] Extensions installed successfully: alexcvzz.vscode-sqlite
[2020-06-10 18:17:43.093] [sharedprocess] [info] Installing extension: vscode-icons-team.vscode-icons
[2020-06-10 18:17:43.841] [sharedprocess] [info] Downloaded extension: vscode-icons-team.vscode-icons /tmp/3500d1f7-c1c7-4446-9f4c-8ed27e1892e5
[2020-06-10 18:17:49.570] [sharedprocess] [info] Extracted extension to /root/.vscode/extensions/.vscode-icons-team.vscode-icons-10.1.1: vscode-icons-team.vscode-icons
[2020-06-10 18:17:49.571] [sharedprocess] [info] Renamed to /root/.vscode/extensions/vscode-icons-team.vscode-icons-10.1.1
[2020-06-10 18:17:49.579] [sharedprocess] [info] Installation completed. vscode-icons-team.vscode-icons
[2020-06-10 18:17:49.630] [sharedprocess] [info] Extensions installed successfully: vscode-icons-team.vscode-icons
[2020-06-10 18:19:03.962] [sharedprocess] [info] Installing extension: eseom.nunjucks-template
[2020-06-10 18:19:04.397] [sharedprocess] [info] Downloaded extension: eseom.nunjucks-template /tmp/858e395a-5632-40fe-94ba-2e4cf3ee2c22
[2020-06-10 18:19:04.565] [sharedprocess] [info] Extracted extension to /root/.vscode/extensions/.eseom.nunjucks-template-0.2.1: eseom.nunjucks-template
[2020-06-10 18:19:04.565] [sharedprocess] [info] Renamed to /root/.vscode/extensions/eseom.nunjucks-template-0.2.1
[2020-06-10 18:19:04.566] [sharedprocess] [info] Installation completed. eseom.nunjucks-template
[2020-06-10 18:19:04.612] [sharedprocess] [info] Extensions installed successfully: eseom.nunjucks-template
[2020-06-10 18:36:46.930] [sharedprocess] [info] Installing extension: ritwickdey.liveserver
[2020-06-10 18:36:47.908] [sharedprocess] [info] Downloaded extension: ritwickdey.liveserver /tmp/15427b03-eb31-4654-95be-087fd18b08f0
[2020-06-10 18:36:53.588] [sharedprocess] [info] Extracted extension to /root/.vscode/extensions/.ritwickdey.liveserver-5.6.1: ritwickdey.liveserver
[2020-06-10 18:36:53.588] [sharedprocess] [info] Renamed to /root/.vscode/extensions/ritwickdey.liveserver-5.6.1
[2020-06-10 18:36:53.590] [sharedprocess] [info] Installation completed. ritwickdey.liveserver
[2020-06-10 18:36:53.669] [sharedprocess] [info] Extensions installed successfully: ritwickdey.liveserver
